Log file open, 12/13/23 23:43:03
LogWindows: Failed to load 'aqProf.dll' (GetLastError=126)
LogWindows: File 'aqProf.dll' does not exist
LogProfilingDebugging: Loading WinPixEventRuntime.dll for PIX profiling (from ../../../Engine/Binaries/ThirdParty/Windows/WinPixEventRuntime/x64).
LogWindows: Failed to load 'VtuneApi.dll' (GetLastError=126)
LogWindows: File 'VtuneApi.dll' does not exist
LogWindows: Failed to load 'VtuneApi32e.dll' (GetLastError=126)
LogWindows: File 'VtuneApi32e.dll' does not exist
LogStats: Stats thread started at 0.009379
LogInit: Session CrashGUID >====================================================
         Session CrashGUID >   UECC-Windows-926E8D5041FC8BEDF7E14C8C90044FF5
         Session CrashGUID >====================================================
LogInit: Build: ++UE5+Release-5.1-CL-0
LogInit: Engine Version: 5.1.1-0+++UE5+Release-5.1
LogInit: Compatible Engine Version: 5.1.0-0+++UE5+Release-5.1
LogInit: Net CL: 0
LogInit: OS: Windows 11 (22H2) [10.0.22621.2715] (), CPU: 13th Gen Intel(R) Core(TM) i9-13900KF, GPU: NVIDIA GeForce RTX 4090
LogInit: Compiled (64-bit): Dec  4 2023 23:46:18
LogInit: Compiled with Visual C++: 19.29.30152.00
LogInit: Build Configuration: Development
LogInit: Branch Name: ++UE5+Release-5.1
LogInit: Command Line: 
LogInit: Base Directory: D:/UnrealEngine/Engine/Binaries/Win64/
LogInit: Allocator: Mimalloc
LogInit: Installed Engine Build: 0
LogDevObjectVersion: Number of dev versions registered: 35
LogDevObjectVersion:   Dev-Blueprints (B0D832E4-1F89-4F0D-ACCF-7EB736FD4AA2): 10
LogDevObjectVersion:   Dev-Build (E1C64328-A22C-4D53-A36C-8E866417BD8C): 0
LogDevObjectVersion:   Dev-Core (375EC13C-06E4-48FB-B500-84F0262A717E): 4
LogDevObjectVersion:   Dev-Editor (E4B068ED-F494-42E9-A231-DA0B2E46BB41): 40
LogDevObjectVersion:   Dev-Framework (CFFC743F-43B0-4480-9391-14DF171D2073): 37
LogDevObjectVersion:   Dev-Mobile (B02B49B5-BB20-44E9-A304-32B752E40360): 3
LogDevObjectVersion:   Dev-Networking (A4E4105C-59A1-49B5-A7C5-40C4547EDFEE): 0
LogDevObjectVersion:   Dev-Online (39C831C9-5AE6-47DC-9A44-9C173E1C8E7C): 0
LogDevObjectVersion:   Dev-Physics (78F01B33-EBEA-4F98-B9B4-84EACCB95AA2): 20
LogDevObjectVersion:   Dev-Platform (6631380F-2D4D-43E0-8009-CF276956A95A): 0
LogDevObjectVersion:   Dev-Rendering (12F88B9F-8875-4AFC-A67C-D90C383ABD29): 45
LogDevObjectVersion:   Dev-Sequencer (7B5AE74C-D270-4C10-A958-57980B212A5A): 13
LogDevObjectVersion:   Dev-VR (D7296918-1DD6-4BDD-9DE2-64A83CC13884): 3
LogDevObjectVersion:   Dev-LoadTimes (C2A15278-BFE7-4AFE-6C17-90FF531DF755): 1
LogDevObjectVersion:   Private-Geometry (6EACA3D4-40EC-4CC1-B786-8BED09428FC5): 3
LogDevObjectVersion:   Dev-AnimPhys (29E575DD-E0A3-4627-9D10-D276232CDCEA): 17
LogDevObjectVersion:   Dev-Anim (AF43A65D-7FD3-4947-9873-3E8ED9C1BB05): 15
LogDevObjectVersion:   Dev-ReflectionCapture (6B266CEC-1EC7-4B8F-A30B-E4D90942FC07): 1
LogDevObjectVersion:   Dev-Automation (0DF73D61-A23F-47EA-B727-89E90C41499A): 1
LogDevObjectVersion:   FortniteMain (601D1886-AC64-4F84-AA16-D3DE0DEAC7D6): 80
LogDevObjectVersion:   FortniteNC (5B4C06B7-2463-4AF8-805B-BF70CDF5D0DD): 10
LogDevObjectVersion:   FortniteRelease (E7086368-6B23-4C58-8439-1B7016265E91): 4
LogDevObjectVersion:   Dev-Enterprise (9DFFBCD6-494F-0158-E221-12823C92A888): 10
LogDevObjectVersion:   Dev-Niagara (F2AED0AC-9AFE-416F-8664-AA7FFA26D6FC): 1
LogDevObjectVersion:   Dev-Destruction (174F1F0B-B4C6-45A5-B13F-2EE8D0FB917D): 10
LogDevObjectVersion:   Dev-Physics-Ext (35F94A83-E258-406C-A318-09F59610247C): 41
LogDevObjectVersion:   Dev-PhysicsMaterial-Chaos (B68FC16E-8B1B-42E2-B453-215C058844FE): 1
LogDevObjectVersion:   Dev-CineCamera (B2E18506-4273-CFC2-A54E-F4BB758BBA07): 1
LogDevObjectVersion:   Dev-VirtualProduction (64F58936-FD1B-42BA-BA96-7289D5D0FA4E): 1
LogDevObjectVersion:   UE5-Main (697DD581-E64F-41AB-AA4A-51ECBEB7B628): 88
LogDevObjectVersion:   UE5-Release (D89B5E42-24BD-4D46-8412-ACA8DF641779): 41
LogDevObjectVersion:   UE5-PrivateFrosty (59DA5D52-1232-4948-B878-597870B8E98B): 8
LogDevObjectVersion:   UE5-Dev-Cooker (26075A32-730F-4708-88E9-8C32F1599D05): 0
LogDevObjectVersion:   Dev-MediaFramework (6F0ED827-A609-4895-9C91-998D90180EA4): 2
LogDevObjectVersion:   UE5-Dev-LWCRendering (30D58BE3-95EA-4282-A6E3-B159D8EBB06A): 1
LogInit: Presizing for max 2097152 objects, including 1 objects not considered by GC, pre-allocating 0 bytes for permanent pool.
LogInit: Object subsystem initialized
LogConfig: Applying CVar settings from Section [Startup] File [../../../Engine/Config/ConsoleVariables.ini]
LogConfig: CVar [[r.DumpShaderDebugInfo:2]] deferred - dummy variable created
[2023.12.13-15.43.03:181][  0]LogConfig: CVar [[p.chaos.AllowCreatePhysxBodies:1]] deferred - dummy variable created
[2023.12.13-15.43.03:181][  0]LogConfig: CVar [[fx.SkipVectorVMBackendOptimizations:1]] deferred - dummy variable created
[2023.12.13-15.43.03:181][  0]LogConfig: Applying CVar settings from Section [ConsoleVariables] File [Engine]
[2023.12.13-15.43.03:182][  0]LogInit: Computer: DESKTOP-DKK8PSC
[2023.12.13-15.43.03:182][  0]LogInit: User: Administrator
[2023.12.13-15.43.03:182][  0]LogInit: CPU Page size=4096, Cores=24
[2023.12.13-15.43.03:182][  0]LogInit: High frequency timer resolution =10.000000 MHz
[2023.12.13-15.43.03:182][  0]LogMemory: Memory total: Physical=31.8GB (32GB approx)
[2023.12.13-15.43.03:182][  0]LogMemory: Platform Memory Stats for Windows
[2023.12.13-15.43.03:182][  0]LogMemory: Process Physical Memory: 66.86 MB used, 66.86 MB peak
[2023.12.13-15.43.03:182][  0]LogMemory: Process Virtual Memory: 106.61 MB used, 106.61 MB peak
[2023.12.13-15.43.03:182][  0]LogMemory: Physical Memory: 19101.57 MB used,  13509.73 MB free, 32611.30 MB total
[2023.12.13-15.43.03:182][  0]LogMemory: Virtual Memory: 33231.09 MB used,  34196.21 MB free, 67427.30 MB total
[2023.12.13-15.43.03:182][  0]LogUObjectArray: 272 objects as part of root set at end of initial load.
[2023.12.13-15.43.03:182][  0]LogUObjectArray: 0 objects are not in the root set, but can never be destroyed because they are in the DisregardForGC set.
[2023.12.13-15.43.03:182][  0]LogUObjectAllocator: 36144 out of 0 bytes used by permanent object pool.
[2023.12.13-15.43.03:182][  0]LogUObjectArray: CloseDisregardForGC: 272/272 objects in disregard for GC pool
[2023.12.13-15.43.03:182][  0]LogInit: Using OS detected language ().
[2023.12.13-15.43.03:182][  0]LogInit: Using OS detected locale ().
[2023.12.13-15.43.03:182][  0]LogTextLocalizationManager: No localization for '' exists, so 'en' will be used for the language.
[2023.12.13-15.43.03:183][  0]LogTextLocalizationManager: No localization for '' exists, so 'en' will be used for the locale.
[2023.12.13-15.43.03:183][  0]LogInit: Using OS detected language ().
[2023.12.13-15.43.03:183][  0]LogInit: Using OS detected locale ().
[2023.12.13-15.43.03:183][  0]LogTextLocalizationManager: No localization for '' exists, so 'en' will be used for the language.
[2023.12.13-15.43.03:183][  0]LogTextLocalizationManager: No localization for '' exists, so 'en' will be used for the locale.
[2023.12.13-15.43.03:183][  0]LogMMOARPGLoginServer: Display: Hello World
[2023.12.13-15.43.03:183][  0]LogInit: WinSock: version 1.1 (2.2), MaxSocks=32767, MaxUdp=65467
[2023.12.13-15.43.03:184][  0]LogSimpleNetChannel: Display: The client sends [Hello] to the server[IP:127.0.0.1 Port:11221].
[2023.12.13-15.43.03:184][  0]LogSimpleNetChannel: Display: The client sends [Hello] to the server[IP:127.0.0.1 Port:11222].
[2023.12.13-15.43.03:314][  0]LogSimpleNetChannel: Display: [Login] Accept the server version Verification success, send login request to the server. Server [IP:127.0.0.1 Port:11221]
[2023.12.13-15.43.03:315][  0]LogSimpleNetChannel: Display: [Login] Accept the server version Verification success, send login request to the server. Server [IP:127.0.0.1 Port:11222]
[2023.12.13-15.43.03:473][  0]LogSimpleNetChannel: Display: [Join] The client receives the welcon message and starts to send heartbeat to the server and [join] request to the server. Server [IP:127.0.0.1 Port:11221]
[2023.12.13-15.43.03:473][  0]LogSimpleNetChannel: Display: [Join] The client receives the welcon message and starts to send heartbeat to the server and [join] request to the server. Server [IP:127.0.0.1 Port:11222]
[2023.12.13-15.43.04:626][  0]LogMMOARPGLoginServer: Display: [SP_GateStatusResponses]
[2023.12.13-15.43.05:631][  0]LogMMOARPGLoginServer: Display: [SP_GateStatusResponses]
[2023.12.13-15.43.06:657][  0]LogMMOARPGLoginServer: Display: [SP_GateStatusResponses]
[2023.12.13-15.43.07:671][  0]LogMMOARPGLoginServer: Display: [SP_GateStatusResponses]
[2023.12.13-15.43.08:686][  0]LogMMOARPGLoginServer: Display: [SP_GateStatusResponses]
[2023.12.13-15.43.09:699][  0]LogMMOARPGLoginServer: Display: [SP_GateStatusResponses]
[2023.12.13-15.43.10:710][  0]LogMMOARPGLoginServer: Display: [SP_GateStatusResponses]
[2023.12.13-15.43.11:729][  0]LogMMOARPGLoginServer: Display: [SP_GateStatusResponses]
[2023.12.13-15.43.12:742][  0]LogMMOARPGLoginServer: Display: [SP_GateStatusResponses]
[2023.12.13-15.43.13:752][  0]LogMMOARPGLoginServer: Display: [SP_GateStatusResponses]
[2023.12.13-15.43.14:762][  0]LogMMOARPGLoginServer: Display: [SP_GateStatusResponses]
[2023.12.13-15.43.15:779][  0]LogMMOARPGLoginServer: Display: [SP_GateStatusResponses]
[2023.12.13-15.43.16:796][  0]LogMMOARPGLoginServer: Display: [SP_GateStatusResponses]
[2023.12.13-15.43.17:807][  0]LogMMOARPGLoginServer: Display: [SP_GateStatusResponses]
[2023.12.13-15.43.18:833][  0]LogMMOARPGLoginServer: Display: [SP_GateStatusResponses]
[2023.12.13-15.43.19:836][  0]LogMMOARPGLoginServer: Display: [SP_GateStatusResponses]
[2023.12.13-15.43.20:839][  0]LogMMOARPGLoginServer: Display: [SP_GateStatusResponses]
[2023.12.13-15.43.21:854][  0]LogMMOARPGLoginServer: Display: [SP_GateStatusResponses]
[2023.12.13-15.43.22:887][  0]LogMMOARPGLoginServer: Display: [SP_GateStatusResponses]
[2023.12.13-15.43.23:909][  0]LogMMOARPGLoginServer: Display: [SP_GateStatusResponses]
[2023.12.13-15.43.24:928][  0]LogMMOARPGLoginServer: Display: [SP_GateStatusResponses]
[2023.12.13-15.43.25:955][  0]LogMMOARPGLoginServer: Display: [SP_GateStatusResponses]
[2023.12.13-15.43.26:922][  0]LogMMOARPGLoginServer: Display: [SP_GateStatusResponses]
[2023.12.13-15.43.27:974][  0]LogMMOARPGLoginServer: Display: [SP_GateStatusResponses]
[2023.12.13-15.43.28:993][  0]LogMMOARPGLoginServer: Display: [SP_GateStatusResponses]
[2023.12.13-15.43.30:012][  0]LogMMOARPGLoginServer: Display: [SP_GateStatusResponses]
[2023.12.13-15.43.31:026][  0]LogMMOARPGLoginServer: Display: [SP_GateStatusResponses]
[2023.12.13-15.43.32:039][  0]LogMMOARPGLoginServer: Display: [SP_GateStatusResponses]
[2023.12.13-15.43.33:054][  0]LogMMOARPGLoginServer: Display: [SP_GateStatusResponses]
[2023.12.13-15.43.34:071][  0]LogMMOARPGLoginServer: Display: [SP_GateStatusResponses]
[2023.12.13-15.43.35:098][  0]LogMMOARPGLoginServer: Display: [SP_GateStatusResponses]
[2023.12.13-15.43.36:127][  0]LogMMOARPGLoginServer: Display: [SP_GateStatusResponses]
[2023.12.13-15.43.37:158][  0]LogMMOARPGLoginServer: Display: [SP_GateStatusResponses]
[2023.12.13-15.43.38:188][  0]LogMMOARPGLoginServer: Display: [SP_GateStatusResponses]
[2023.12.13-15.43.39:192][  0]LogMMOARPGLoginServer: Display: [SP_GateStatusResponses]
[2023.12.13-15.43.40:191][  0]LogMMOARPGLoginServer: Display: [SP_GateStatusResponses]
[2023.12.13-15.43.41:221][  0]LogMMOARPGLoginServer: Display: [SP_GateStatusResponses]
[2023.12.13-15.43.42:241][  0]LogMMOARPGLoginServer: Display: [SP_GateStatusResponses]
[2023.12.13-15.43.43:275][  0]LogMMOARPGLoginServer: Display: [SP_GateStatusResponses]
[2023.12.13-15.43.44:276][  0]LogMMOARPGLoginServer: Display: [SP_GateStatusResponses]
[2023.12.13-15.43.45:282][  0]LogMMOARPGLoginServer: Display: [SP_GateStatusResponses]
[2023.12.13-15.43.46:280][  0]LogMMOARPGLoginServer: Display: [SP_GateStatusResponses]
[2023.12.13-15.43.47:306][  0]LogMMOARPGLoginServer: Display: [SP_GateStatusResponses]
[2023.12.13-15.43.48:308][  0]LogMMOARPGLoginServer: Display: [SP_GateStatusResponses]
[2023.12.13-15.43.49:339][  0]LogMMOARPGLoginServer: Display: [SP_GateStatusResponses]
[2023.12.13-15.43.50:340][  0]LogMMOARPGLoginServer: Display: [SP_GateStatusResponses]
[2023.12.13-15.43.51:348][  0]LogMMOARPGLoginServer: Display: [SP_GateStatusResponses]
[2023.12.13-15.43.52:349][  0]LogMMOARPGLoginServer: Display: [SP_GateStatusResponses]
[2023.12.13-15.43.53:364][  0]LogMMOARPGLoginServer: Display: [SP_GateStatusResponses]
[2023.12.13-15.43.54:367][  0]LogMMOARPGLoginServer: Display: [SP_GateStatusResponses]
[2023.12.13-15.43.55:395][  0]LogMMOARPGLoginServer: Display: [SP_GateStatusResponses]
[2023.12.13-15.43.56:401][  0]LogMMOARPGLoginServer: Display: [SP_GateStatusResponses]
[2023.12.13-15.43.57:431][  0]LogMMOARPGLoginServer: Display: [SP_GateStatusResponses]
[2023.12.13-15.43.58:433][  0]LogMMOARPGLoginServer: Display: [SP_GateStatusResponses]
[2023.12.13-15.43.59:439][  0]LogMMOARPGLoginServer: Display: [SP_GateStatusResponses]
[2023.12.13-15.44.00:441][  0]LogMMOARPGLoginServer: Display: [SP_GateStatusResponses]
[2023.12.13-15.44.01:455][  0]LogMMOARPGLoginServer: Display: [SP_GateStatusResponses]
[2023.12.13-15.44.02:472][  0]LogMMOARPGLoginServer: Display: [SP_GateStatusResponses]
[2023.12.13-15.44.03:496][  0]LogMMOARPGLoginServer: Display: [SP_GateStatusResponses]
[2023.12.13-15.44.04:508][  0]LogMMOARPGLoginServer: Display: [SP_GateStatusResponses]
[2023.12.13-15.44.05:526][  0]LogMMOARPGLoginServer: Display: [SP_GateStatusResponses]
[2023.12.13-15.44.06:539][  0]LogMMOARPGLoginServer: Display: [SP_GateStatusResponses]
[2023.12.13-15.44.07:553][  0]LogMMOARPGLoginServer: Display: [SP_GateStatusResponses]
[2023.12.13-15.44.08:541][  0]LogMMOARPGLoginServer: Display: [SP_GateStatusResponses]
[2023.12.13-15.44.09:604][  0]LogMMOARPGLoginServer: Display: [SP_GateStatusResponses]
[2023.12.13-15.44.10:624][  0]LogMMOARPGLoginServer: Display: [SP_GateStatusResponses]
[2023.12.13-15.44.11:645][  0]LogMMOARPGLoginServer: Display: [SP_GateStatusResponses]
[2023.12.13-15.44.12:664][  0]LogMMOARPGLoginServer: Display: [SP_GateStatusResponses]
[2023.12.13-15.44.13:685][  0]LogMMOARPGLoginServer: Display: [SP_GateStatusResponses]
[2023.12.13-15.44.14:707][  0]LogMMOARPGLoginServer: Display: [SP_GateStatusResponses]
[2023.12.13-15.44.15:727][  0]LogMMOARPGLoginServer: Display: [SP_GateStatusResponses]
[2023.12.13-15.44.16:749][  0]LogMMOARPGLoginServer: Display: [SP_GateStatusResponses]
[2023.12.13-15.44.17:766][  0]LogMMOARPGLoginServer: Display: [SP_GateStatusResponses]
[2023.12.13-15.44.18:780][  0]LogMMOARPGLoginServer: Display: [SP_GateStatusResponses]
[2023.12.13-15.44.19:797][  0]LogMMOARPGLoginServer: Display: [SP_GateStatusResponses]
[2023.12.13-15.44.20:811][  0]LogMMOARPGLoginServer: Display: [SP_GateStatusResponses]
[2023.12.13-15.44.21:832][  0]LogMMOARPGLoginServer: Display: [SP_GateStatusResponses]
[2023.12.13-15.44.22:857][  0]LogMMOARPGLoginServer: Display: [SP_GateStatusResponses]
[2023.12.13-15.44.23:886][  0]LogMMOARPGLoginServer: Display: [SP_GateStatusResponses]
[2023.12.13-15.44.24:903][  0]LogMMOARPGLoginServer: Display: [SP_GateStatusResponses]
[2023.12.13-15.44.25:922][  0]LogMMOARPGLoginServer: Display: [SP_GateStatusResponses]
[2023.12.13-15.44.26:946][  0]LogMMOARPGLoginServer: Display: [SP_GateStatusResponses]
[2023.12.13-15.44.27:954][  0]LogMMOARPGLoginServer: Display: [SP_GateStatusResponses]
[2023.12.13-15.44.28:970][  0]LogMMOARPGLoginServer: Display: [SP_GateStatusResponses]
[2023.12.13-15.44.30:023][  0]LogMMOARPGLoginServer: Display: [SP_GateStatusResponses]
[2023.12.13-15.44.31:012][  0]LogMMOARPGLoginServer: Display: [SP_GateStatusResponses]
[2023.12.13-15.44.32:028][  0]LogMMOARPGLoginServer: Display: [SP_GateStatusResponses]
[2023.12.13-15.44.33:055][  0]LogMMOARPGLoginServer: Display: [SP_GateStatusResponses]
[2023.12.13-15.44.34:060][  0]LogMMOARPGLoginServer: Display: [SP_GateStatusResponses]
[2023.12.13-15.44.35:060][  0]LogMMOARPGLoginServer: Display: [SP_GateStatusResponses]
[2023.12.13-15.44.36:087][  0]LogMMOARPGLoginServer: Display: [SP_GateStatusResponses]
[2023.12.13-15.44.37:112][  0]LogMMOARPGLoginServer: Display: [SP_GateStatusResponses]
[2023.12.13-15.44.38:129][  0]LogMMOARPGLoginServer: Display: [SP_GateStatusResponses]
[2023.12.13-15.44.39:141][  0]LogMMOARPGLoginServer: Display: [SP_GateStatusResponses]
[2023.12.13-15.44.40:161][  0]LogMMOARPGLoginServer: Display: [SP_GateStatusResponses]
[2023.12.13-15.44.41:179][  0]LogMMOARPGLoginServer: Display: [SP_GateStatusResponses]
[2023.12.13-15.44.42:207][  0]LogMMOARPGLoginServer: Display: [SP_GateStatusResponses]
[2023.12.13-15.44.43:212][  0]LogMMOARPGLoginServer: Display: [SP_GateStatusResponses]
[2023.12.13-15.44.44:243][  0]LogMMOARPGLoginServer: Display: [SP_GateStatusResponses]
[2023.12.13-15.44.45:246][  0]LogMMOARPGLoginServer: Display: [SP_GateStatusResponses]
[2023.12.13-15.44.46:263][  0]LogMMOARPGLoginServer: Display: [SP_GateStatusResponses]
[2023.12.13-15.44.47:276][  0]LogMMOARPGLoginServer: Display: [SP_GateStatusResponses]
[2023.12.13-15.44.48:293][  0]LogMMOARPGLoginServer: Display: [SP_GateStatusResponses]
[2023.12.13-15.44.49:315][  0]LogMMOARPGLoginServer: Display: [SP_GateStatusResponses]
[2023.12.13-15.44.50:345][  0]LogMMOARPGLoginServer: Display: [SP_GateStatusResponses]
[2023.12.13-15.44.51:371][  0]LogMMOARPGLoginServer: Display: [SP_GateStatusResponses]
[2023.12.13-15.44.52:392][  0]LogMMOARPGLoginServer: Display: [SP_GateStatusResponses]
[2023.12.13-15.44.53:410][  0]LogMMOARPGLoginServer: Display: [SP_GateStatusResponses]
[2023.12.13-15.44.54:430][  0]LogMMOARPGLoginServer: Display: [SP_GateStatusResponses]
[2023.12.13-15.44.55:450][  0]LogMMOARPGLoginServer: Display: [SP_GateStatusResponses]
[2023.12.13-15.44.56:468][  0]LogMMOARPGLoginServer: Display: [SP_GateStatusResponses]
[2023.12.13-15.44.57:486][  0]LogMMOARPGLoginServer: Display: [SP_GateStatusResponses]
[2023.12.13-15.44.58:501][  0]LogMMOARPGLoginServer: Display: [SP_GateStatusResponses]
[2023.12.13-15.44.59:516][  0]LogMMOARPGLoginServer: Display: [SP_GateStatusResponses]
[2023.12.13-15.45.00:531][  0]LogMMOARPGLoginServer: Display: [SP_GateStatusResponses]
[2023.12.13-15.45.01:550][  0]LogMMOARPGLoginServer: Display: [SP_GateStatusResponses]
[2023.12.13-15.45.02:584][  0]LogMMOARPGLoginServer: Display: [SP_GateStatusResponses]
[2023.12.13-15.45.03:552][  0]LogMMOARPGLoginServer: Display: [SP_GateStatusResponses]
[2023.12.13-15.45.04:583][  0]LogMMOARPGLoginServer: Display: [SP_GateStatusResponses]
[2023.12.13-15.45.05:594][  0]LogMMOARPGLoginServer: Display: [SP_GateStatusResponses]
[2023.12.13-15.45.06:599][  0]LogMMOARPGLoginServer: Display: [SP_GateStatusResponses]
[2023.12.13-15.45.07:599][  0]LogMMOARPGLoginServer: Display: [SP_GateStatusResponses]
[2023.12.13-15.45.08:628][  0]LogMMOARPGLoginServer: Display: [SP_GateStatusResponses]
[2023.12.13-15.45.09:654][  0]LogMMOARPGLoginServer: Display: [SP_GateStatusResponses]
[2023.12.13-15.45.10:684][  0]LogMMOARPGLoginServer: Display: [SP_GateStatusResponses]
[2023.12.13-15.45.11:687][  0]LogMMOARPGLoginServer: Display: [SP_GateStatusResponses]
[2023.12.13-15.45.12:707][  0]LogMMOARPGLoginServer: Display: [SP_GateStatusResponses]
[2023.12.13-15.45.13:733][  0]LogMMOARPGLoginServer: Display: [SP_GateStatusResponses]
[2023.12.13-15.45.14:754][  0]LogMMOARPGLoginServer: Display: [SP_GateStatusResponses]
[2023.12.13-15.45.15:776][  0]LogMMOARPGLoginServer: Display: [SP_GateStatusResponses]
[2023.12.13-15.45.16:797][  0]LogMMOARPGLoginServer: Display: [SP_GateStatusResponses]
[2023.12.13-15.45.17:814][  0]LogMMOARPGLoginServer: Display: [SP_GateStatusResponses]
[2023.12.13-15.45.18:836][  0]LogMMOARPGLoginServer: Display: [SP_GateStatusResponses]
[2023.12.13-15.45.19:856][  0]LogMMOARPGLoginServer: Display: [SP_GateStatusResponses]
[2023.12.13-15.45.20:873][  0]LogMMOARPGLoginServer: Display: [SP_GateStatusResponses]
[2023.12.13-15.45.21:893][  0]LogMMOARPGLoginServer: Display: [SP_GateStatusResponses]
[2023.12.13-15.45.22:908][  0]LogMMOARPGLoginServer: Display: [SP_GateStatusResponses]
[2023.12.13-15.45.23:921][  0]LogMMOARPGLoginServer: Display: [SP_GateStatusResponses]
[2023.12.13-15.45.24:936][  0]LogMMOARPGLoginServer: Display: [SP_GateStatusResponses]
[2023.12.13-15.45.25:951][  0]LogMMOARPGLoginServer: Display: [SP_GateStatusResponses]
[2023.12.13-15.45.26:971][  0]LogMMOARPGLoginServer: Display: [SP_GateStatusResponses]
[2023.12.13-15.45.27:989][  0]LogMMOARPGLoginServer: Display: [SP_GateStatusResponses]
[2023.12.13-15.45.29:234][  0]LogCore: Engine exit requested (reason: ConsoleCtrl RequestExit)
