Log file open, 12/17/23 00:40:27
LogWindows: Failed to load 'aqProf.dll' (GetLastError=126)
LogWindows: File 'aqProf.dll' does not exist
LogProfilingDebugging: Loading WinPixEventRuntime.dll for PIX profiling (from ../../../Engine/Binaries/ThirdParty/Windows/WinPixEventRuntime/x64).
LogWindows: Failed to load 'VtuneApi.dll' (GetLastError=126)
LogWindows: File 'VtuneApi.dll' does not exist
LogWindows: Failed to load 'VtuneApi32e.dll' (GetLastError=126)
LogWindows: File 'VtuneApi32e.dll' does not exist
LogStats: Stats thread started at 0.009082
LogInit: Session CrashGUID >====================================================
         Session CrashGUID >   UECC-Windows-D702B22942D35625C8F8A5AA60CC5FF9
         Session CrashGUID >====================================================
LogInit: Build: ++UE5+Release-5.1-CL-0
LogInit: Engine Version: 5.1.1-0+++UE5+Release-5.1
LogInit: Compatible Engine Version: 5.1.0-0+++UE5+Release-5.1
LogInit: Net CL: 0
LogInit: OS: Windows 11 (22H2) [10.0.22621.2861] (), CPU: 13th Gen Intel(R) Core(TM) i9-13900KF, GPU: NVIDIA GeForce RTX 4090
LogInit: Compiled (64-bit): Dec  4 2023 12:05:20
LogInit: Compiled with Visual C++: 19.29.30152.00
LogInit: Build Configuration: Development
LogInit: Branch Name: ++UE5+Release-5.1
LogInit: Command Line: 
LogInit: Base Directory: D:/UnrealEngine/Engine/Binaries/Win64/
LogInit: Allocator: Mimalloc
LogInit: Installed Engine Build: 0
LogDevObjectVersion: Number of dev versions registered: 35
LogDevObjectVersion:   Dev-Blueprints (B0D832E4-1F89-4F0D-ACCF-7EB736FD4AA2): 10
LogDevObjectVersion:   Dev-Build (E1C64328-A22C-4D53-A36C-8E866417BD8C): 0
LogDevObjectVersion:   Dev-Core (375EC13C-06E4-48FB-B500-84F0262A717E): 4
LogDevObjectVersion:   Dev-Editor (E4B068ED-F494-42E9-A231-DA0B2E46BB41): 40
LogDevObjectVersion:   Dev-Framework (CFFC743F-43B0-4480-9391-14DF171D2073): 37
LogDevObjectVersion:   Dev-Mobile (B02B49B5-BB20-44E9-A304-32B752E40360): 3
LogDevObjectVersion:   Dev-Networking (A4E4105C-59A1-49B5-A7C5-40C4547EDFEE): 0
LogDevObjectVersion:   Dev-Online (39C831C9-5AE6-47DC-9A44-9C173E1C8E7C): 0
LogDevObjectVersion:   Dev-Physics (78F01B33-EBEA-4F98-B9B4-84EACCB95AA2): 20
LogDevObjectVersion:   Dev-Platform (6631380F-2D4D-43E0-8009-CF276956A95A): 0
LogDevObjectVersion:   Dev-Rendering (12F88B9F-8875-4AFC-A67C-D90C383ABD29): 45
LogDevObjectVersion:   Dev-Sequencer (7B5AE74C-D270-4C10-A958-57980B212A5A): 13
LogDevObjectVersion:   Dev-VR (D7296918-1DD6-4BDD-9DE2-64A83CC13884): 3
LogDevObjectVersion:   Dev-LoadTimes (C2A15278-BFE7-4AFE-6C17-90FF531DF755): 1
LogDevObjectVersion:   Private-Geometry (6EACA3D4-40EC-4CC1-B786-8BED09428FC5): 3
LogDevObjectVersion:   Dev-AnimPhys (29E575DD-E0A3-4627-9D10-D276232CDCEA): 17
LogDevObjectVersion:   Dev-Anim (AF43A65D-7FD3-4947-9873-3E8ED9C1BB05): 15
LogDevObjectVersion:   Dev-ReflectionCapture (6B266CEC-1EC7-4B8F-A30B-E4D90942FC07): 1
LogDevObjectVersion:   Dev-Automation (0DF73D61-A23F-47EA-B727-89E90C41499A): 1
LogDevObjectVersion:   FortniteMain (601D1886-AC64-4F84-AA16-D3DE0DEAC7D6): 80
LogDevObjectVersion:   FortniteNC (5B4C06B7-2463-4AF8-805B-BF70CDF5D0DD): 10
LogDevObjectVersion:   FortniteRelease (E7086368-6B23-4C58-8439-1B7016265E91): 4
LogDevObjectVersion:   Dev-Enterprise (9DFFBCD6-494F-0158-E221-12823C92A888): 10
LogDevObjectVersion:   Dev-Niagara (F2AED0AC-9AFE-416F-8664-AA7FFA26D6FC): 1
LogDevObjectVersion:   Dev-Destruction (174F1F0B-B4C6-45A5-B13F-2EE8D0FB917D): 10
LogDevObjectVersion:   Dev-Physics-Ext (35F94A83-E258-406C-A318-09F59610247C): 41
LogDevObjectVersion:   Dev-PhysicsMaterial-Chaos (B68FC16E-8B1B-42E2-B453-215C058844FE): 1
LogDevObjectVersion:   Dev-CineCamera (B2E18506-4273-CFC2-A54E-F4BB758BBA07): 1
LogDevObjectVersion:   Dev-VirtualProduction (64F58936-FD1B-42BA-BA96-7289D5D0FA4E): 1
LogDevObjectVersion:   UE5-Main (697DD581-E64F-41AB-AA4A-51ECBEB7B628): 88
LogDevObjectVersion:   UE5-Release (D89B5E42-24BD-4D46-8412-ACA8DF641779): 41
LogDevObjectVersion:   UE5-PrivateFrosty (59DA5D52-1232-4948-B878-597870B8E98B): 8
LogDevObjectVersion:   UE5-Dev-Cooker (26075A32-730F-4708-88E9-8C32F1599D05): 0
LogDevObjectVersion:   Dev-MediaFramework (6F0ED827-A609-4895-9C91-998D90180EA4): 2
LogDevObjectVersion:   UE5-Dev-LWCRendering (30D58BE3-95EA-4282-A6E3-B159D8EBB06A): 1
LogInit: Presizing for max 2097152 objects, including 1 objects not considered by GC, pre-allocating 0 bytes for permanent pool.
LogInit: Object subsystem initialized
LogConfig: Applying CVar settings from Section [Startup] File [../../../Engine/Config/ConsoleVariables.ini]
LogConfig: CVar [[r.DumpShaderDebugInfo:2]] deferred - dummy variable created
LogConfig: CVar [[p.chaos.AllowCreatePhysxBodies:1]] deferred - dummy variable created
[2023.12.16-16.40.27:578][  0]LogConfig: CVar [[fx.SkipVectorVMBackendOptimizations:1]] deferred - dummy variable created
[2023.12.16-16.40.27:578][  0]LogConfig: Applying CVar settings from Section [ConsoleVariables] File [Engine]
[2023.12.16-16.40.27:579][  0]LogInit: Computer: DESKTOP-DKK8PSC
[2023.12.16-16.40.27:579][  0]LogInit: User: Administrator
[2023.12.16-16.40.27:579][  0]LogInit: CPU Page size=4096, Cores=24
[2023.12.16-16.40.27:579][  0]LogInit: High frequency timer resolution =10.000000 MHz
[2023.12.16-16.40.27:579][  0]LogMemory: Memory total: Physical=31.8GB (32GB approx)
[2023.12.16-16.40.27:579][  0]LogMemory: Platform Memory Stats for Windows
[2023.12.16-16.40.27:579][  0]LogMemory: Process Physical Memory: 68.72 MB used, 68.72 MB peak
[2023.12.16-16.40.27:579][  0]LogMemory: Process Virtual Memory: 107.73 MB used, 107.73 MB peak
[2023.12.16-16.40.27:579][  0]LogMemory: Physical Memory: 14316.73 MB used,  18294.57 MB free, 32611.30 MB total
[2023.12.16-16.40.27:579][  0]LogMemory: Virtual Memory: 28751.20 MB used,  40724.11 MB free, 69475.30 MB total
[2023.12.16-16.40.27:581][  0]LogUObjectArray: 626 objects as part of root set at end of initial load.
[2023.12.16-16.40.27:581][  0]LogUObjectArray: 0 objects are not in the root set, but can never be destroyed because they are in the DisregardForGC set.
[2023.12.16-16.40.27:581][  0]LogUObjectAllocator: 115424 out of 0 bytes used by permanent object pool.
[2023.12.16-16.40.27:581][  0]LogUObjectArray: CloseDisregardForGC: 626/626 objects in disregard for GC pool
[2023.12.16-16.40.27:581][  0]LogInit: Using OS detected language ().
[2023.12.16-16.40.27:581][  0]LogInit: Using OS detected locale ().
[2023.12.16-16.40.27:581][  0]LogTextLocalizationManager: No localization for '' exists, so 'en' will be used for the language.
[2023.12.16-16.40.27:581][  0]LogTextLocalizationManager: No localization for '' exists, so 'en' will be used for the locale.
[2023.12.16-16.40.27:581][  0]LogInit: Using OS detected language ().
[2023.12.16-16.40.27:581][  0]LogInit: Using OS detected locale ().
[2023.12.16-16.40.27:581][  0]LogTextLocalizationManager: No localization for '' exists, so 'en' will be used for the language.
[2023.12.16-16.40.27:581][  0]LogTextLocalizationManager: No localization for '' exists, so 'en' will be used for the locale.
[2023.12.16-16.40.27:581][  0]LogMMOARPGdbServer: Display: Hello World
[2023.12.16-16.40.27:587][  0]LogInit: WinSock: version 1.1 (2.2), MaxSocks=32767, MaxUdp=65467
[2023.12.16-16.40.28:035][  0]LogSimpleHTTP: Get HTTP management
[2023.12.16-16.40.28:044][  0]LogInit: Using libcurl 7.83.1
[2023.12.16-16.40.28:044][  0]LogInit:  - built for Windows
[2023.12.16-16.40.28:044][  0]LogInit:  - supports SSL with OpenSSL/1.1.1n
[2023.12.16-16.40.28:044][  0]LogInit:  - supports HTTP deflate (compression) using libz 1.2.12
[2023.12.16-16.40.28:044][  0]LogInit:  - other features:
[2023.12.16-16.40.28:044][  0]LogInit:      CURL_VERSION_SSL
[2023.12.16-16.40.28:044][  0]LogInit:      CURL_VERSION_LIBZ
[2023.12.16-16.40.28:044][  0]LogInit:      CURL_VERSION_IPV6
[2023.12.16-16.40.28:044][  0]LogInit:      CURL_VERSION_ASYNCHDNS
[2023.12.16-16.40.28:044][  0]LogInit:      CURL_VERSION_LARGEFILE
[2023.12.16-16.40.28:044][  0]LogInit:  CurlRequestOptions (configurable via config and command line):
[2023.12.16-16.40.28:044][  0]LogInit:  - bVerifyPeer = true  - Libcurl will verify peer certificate
[2023.12.16-16.40.28:044][  0]LogInit:  - bUseHttpProxy = false  - Libcurl will NOT use HTTP proxy
[2023.12.16-16.40.28:044][  0]LogInit:  - bDontReuseConnections = false  - Libcurl will reuse connections
[2023.12.16-16.40.28:044][  0]LogInit:  - MaxHostConnections = 16  - Libcurl will limit the number of connections to a host
[2023.12.16-16.40.28:044][  0]LogInit:  - LocalHostAddr = Default
[2023.12.16-16.40.28:044][  0]LogInit:  - BufferSize = 65536
[2023.12.16-16.40.28:076][  0]LogSimpleNetChannel: Display: [Challenge] Version Verification succeeded. The server sent a challenge protocol. Client[IP:127.0.0.1 Port:61990]
[2023.12.16-16.40.28:076][  0]LogSimpleNetChannel: Display: [Challenge] Reset new hop time of client.
[2023.12.16-16.40.28:230][  0]LogSimpleNetChannel: Display: [Welcom] Accept the login request sent by the client and pass the verification. The server sends a welcome message to the client. Client [IP:127.0.0.1 Port:61990]
[2023.12.16-16.40.28:817][  0]LogSimpleNetChannel: Display: [Join] The current client joined successfully and began to prepare the business logic. Client [IP:127.0.0.1 Port:61990]
[2023.12.16-16.40.28:880][  0]LogSimpleNetChannel: Display: [Challenge] Version Verification succeeded. The server sent a challenge protocol. Client[IP:127.0.0.1 Port:61991]
[2023.12.16-16.40.28:880][  0]LogSimpleNetChannel: Display: [Challenge] Reset new hop time of client.
[2023.12.16-16.40.29:034][  0]LogSimpleNetChannel: Display: [Welcom] Accept the login request sent by the client and pass the verification. The server sends a welcome message to the client. Client [IP:127.0.0.1 Port:61991]
[2023.12.16-16.40.29:128][  0]LogSimpleNetChannel: Display: [Challenge] Version Verification succeeded. The server sent a challenge protocol. Client[IP:127.0.0.1 Port:61993]
[2023.12.16-16.40.29:128][  0]LogSimpleNetChannel: Display: [Challenge] Reset new hop time of client.
[2023.12.16-16.40.29:268][  0]LogSimpleNetChannel: Display: [Join] The current client joined successfully and began to prepare the business logic. Client [IP:127.0.0.1 Port:61991]
[2023.12.16-16.40.29:362][  0]LogSimpleNetChannel: Display: [Welcom] Accept the login request sent by the client and pass the verification. The server sends a welcome message to the client. Client [IP:127.0.0.1 Port:61993]
[2023.12.16-16.40.29:534][  0]LogSimpleNetChannel: Display: [Join] The current client joined successfully and began to prepare the business logic. Client [IP:127.0.0.1 Port:61993]
[2023.12.16-16.41.05:996][  0]LogMMOARPGdbServer: Display: AccountString=lzq,PasswordString=1
[2023.12.16-16.41.11:160][  0]LogMMOARPGdbServer: Display: AccountString=lzq,PasswordString=1
[2023.12.16-16.41.43:290][  0]LogMMOARPGdbServer: Display: AccountString=lzq,PasswordString=1
[2023.12.16-16.41.51:660][  0]LogMMOARPGdbServer: Display: AccountString=lzq,PasswordString=1
[2023.12.16-16.42.15:267][  0]LogTemp: Display: |---------------------------------------|---------------------------------------|
[2023.12.16-16.42.15:268][  0]LogTemp: Display: |                  ID                  |              user_pass                 |
[2023.12.16-16.42.15:268][  0]LogTemp: Display: |---------------------------------------|---------------------------------------|
[2023.12.16-16.42.15:268][  0]LogTemp: Display: |                  1                   |  $P$Bwd0fO816Tg9zkiUZPzN52qVoHTYF..  |
[2023.12.16-16.42.15:268][  0]LogTemp: Display: |_______________________________________|_______________________________________|
[2023.12.16-16.42.15:268][  0]LogSimpleHTTP: Start registering single C++ agent.
[2023.12.16-16.42.15:268][  0]LogSimpleHTTP: Action to create a single HTTP request
[2023.12.16-16.42.15:268][  0]LogSimpleHTTP: Http Find at A8139EF34239F7DEE4095E912666EDAC
[2023.12.16-16.42.15:268][  0]LogSimpleHTTP: POST Action.
[2023.12.16-16.42.15:268][  0]LogSimpleHTTP: Process Request.
[2023.12.16-16.42.15:268][  0]LogMMOARPGdbServer: Display: AccountString=lzq,PasswordString=1
[2023.12.16-16.42.15:612][  0]LogSimpleHTTP: Warning: HttpRequestComplete URL=http://192.168.3.6/wp/wp-content/plugins/SimplePasswordVerification/SimplePasswordVerification.php?EncryptedPassword=%24P%24Bwd0fO816Tg9zkiUZPzN52qVoHTYF..&Password=1&IP=2130706433&Port=50830&Channel=015B78B44366ECBB689301872655F27F&UserID=1,Param=
[2023.12.16-16.42.15:617][  0]LogTemp: Display: |------------------------|-----------------------|-----------------------|------------------------|
[2023.12.16-16.42.15:617][  0]LogTemp: Display: |      user_login       |      user_email       |       user_url        |     display_name        |
[2023.12.16-16.42.15:617][  0]LogTemp: Display: |------------------------|-----------------------|-----------------------|------------------------|
[2023.12.16-16.42.15:617][  0]LogTemp: Display: |          lzq          |   1044153944@qq.com   |  http://127.0.0.1/wp  |          lzq          |
[2023.12.16-16.42.15:618][  0]LogTemp: Display: |________________________|_______________________|_______________________|________________________|
[2023.12.16-16.42.15:618][  0]LogSimpleHTTP: Request to complete execution of binding agent.
[2023.12.16-16.42.15:618][  0]LogSimpleHTTP: Remove request A8139EF34239F7DEE4095E912666EDAC from tick
[2023.12.16-16.42.18:423][  0]LogTemp: Display: |----------------|
[2023.12.16-16.42.18:423][  0]LogTemp: Display: |  meta_value    |
[2023.12.16-16.42.18:423][  0]LogTemp: Display: |----------------|
[2023.12.16-16.42.18:423][  0]LogTemp: Display: |     2|3      |
[2023.12.16-16.42.18:423][  0]LogTemp: Display: |________________|
[2023.12.16-16.42.18:428][  0]LogTemp: Display: |------------------------|-----------------------|-----------------------|-----------------------|-----------------------|-----------------------|------------------------|
[2023.12.16-16.42.18:428][  0]LogTemp: Display: |          id           |     mmoarpg_name      |     mmoarpg_date      |     mmoarpg_slot      |       Leg_Size        |      Waist_Size       |       Arm_Size          |
[2023.12.16-16.42.18:428][  0]LogTemp: Display: |------------------------|-----------------------|-----------------------|-----------------------|-----------------------|-----------------------|------------------------|
[2023.12.16-16.42.18:428][  0]LogTemp: Display: |           2           |          123          |  2023.12.13-23.47.18  |           0           |        10.0000        |        10.0000        |        10.0000        |
[2023.12.16-16.42.18:428][  0]LogTemp: Display: |------------------------|-----------------------|-----------------------|-----------------------|-----------------------|-----------------------|------------------------|
[2023.12.16-16.42.18:428][  0]LogTemp: Display: |           3           |         1233          |  2023.12.13-23.47.22  |           1           |        0.0000         |        0.0000         |        0.0000         |
[2023.12.16-16.42.18:428][  0]LogTemp: Display: |________________________|_______________________|_______________________|_______________________|_______________________|_______________________|________________________|
[2023.12.16-16.42.18:428][  0]LogMMOARPGdbServer: Display: SP_CharacterAppearanceResponses
[2023.12.16-16.43.52:092][  0]LogTemp: Display: |------------------------|-----------------------|-----------------------|------------------------|
[2023.12.16-16.43.52:092][  0]LogTemp: Display: |      user_login       |      user_email       |       user_url        |     display_name        |
[2023.12.16-16.43.52:092][  0]LogTemp: Display: |------------------------|-----------------------|-----------------------|------------------------|
[2023.12.16-16.43.52:092][  0]LogTemp: Display: |          lzq          |   1044153944@qq.com   |  http://127.0.0.1/wp  |          lzq          |
[2023.12.16-16.43.52:093][  0]LogTemp: Display: |________________________|_______________________|_______________________|________________________|
[2023.12.16-16.43.52:096][  0]LogTemp: Display: |----------------|
[2023.12.16-16.43.52:096][  0]LogTemp: Display: |  meta_value    |
[2023.12.16-16.43.52:096][  0]LogTemp: Display: |----------------|
[2023.12.16-16.43.52:097][  0]LogTemp: Display: |     2|3      |
[2023.12.16-16.43.52:097][  0]LogTemp: Display: |________________|
[2023.12.16-16.43.52:103][  0]LogTemp: Display: |------------------------|-----------------------|-----------------------|-----------------------|-----------------------|-----------------------|------------------------|
[2023.12.16-16.43.52:103][  0]LogTemp: Display: |          id           |     mmoarpg_name      |     mmoarpg_date      |     mmoarpg_slot      |       Leg_Size        |      Waist_Size       |       Arm_Size          |
[2023.12.16-16.43.52:103][  0]LogTemp: Display: |------------------------|-----------------------|-----------------------|-----------------------|-----------------------|-----------------------|------------------------|
[2023.12.16-16.43.52:104][  0]LogTemp: Display: |           2           |          123          |  2023.12.13-23.47.18  |           0           |        10.0000        |        10.0000        |        10.0000        |
[2023.12.16-16.43.52:104][  0]LogTemp: Display: |________________________|_______________________|_______________________|_______________________|_______________________|_______________________|________________________|
[2023.12.16-17.20.30:079][  0]LogTemp: Display: |---------------------------------------|---------------------------------------|
[2023.12.16-17.20.30:079][  0]LogTemp: Display: |                  ID                  |              user_pass                 |
[2023.12.16-17.20.30:079][  0]LogTemp: Display: |---------------------------------------|---------------------------------------|
[2023.12.16-17.20.30:079][  0]LogTemp: Display: |                  1                   |  $P$Bwd0fO816Tg9zkiUZPzN52qVoHTYF..  |
[2023.12.16-17.20.30:079][  0]LogTemp: Display: |_______________________________________|_______________________________________|
[2023.12.16-17.20.30:079][  0]LogSimpleHTTP: Start registering single C++ agent.
[2023.12.16-17.20.30:079][  0]LogSimpleHTTP: Action to create a single HTTP request
[2023.12.16-17.20.30:079][  0]LogSimpleHTTP: Http Find at 9CDE5CB54DE817EC70DA299CA3630AA5
[2023.12.16-17.20.30:079][  0]LogSimpleHTTP: POST Action.
[2023.12.16-17.20.30:079][  0]LogSimpleHTTP: Process Request.
[2023.12.16-17.20.30:079][  0]LogMMOARPGdbServer: Display: AccountString=lzq,PasswordString=1
[2023.12.16-17.20.30:142][  0]LogSimpleHTTP: Warning: HttpRequestComplete URL=http://192.168.3.6/wp/wp-content/plugins/SimplePasswordVerification/SimplePasswordVerification.php?EncryptedPassword=%24P%24Bwd0fO816Tg9zkiUZPzN52qVoHTYF..&Password=1&IP=2130706433&Port=64540&Channel=75F021B64E590CB42CDF28B361F489F8&UserID=1,Param=
[2023.12.16-17.20.30:146][  0]LogTemp: Display: |------------------------|-----------------------|-----------------------|------------------------|
[2023.12.16-17.20.30:146][  0]LogTemp: Display: |      user_login       |      user_email       |       user_url        |     display_name        |
[2023.12.16-17.20.30:146][  0]LogTemp: Display: |------------------------|-----------------------|-----------------------|------------------------|
[2023.12.16-17.20.30:146][  0]LogTemp: Display: |          lzq          |   1044153944@qq.com   |  http://127.0.0.1/wp  |          lzq          |
[2023.12.16-17.20.30:146][  0]LogTemp: Display: |________________________|_______________________|_______________________|________________________|
[2023.12.16-17.20.30:146][  0]LogSimpleHTTP: Request to complete execution of binding agent.
[2023.12.16-17.20.30:146][  0]LogSimpleHTTP: Remove request 9CDE5CB54DE817EC70DA299CA3630AA5 from tick
[2023.12.16-17.20.32:864][  0]LogTemp: Display: |----------------|
[2023.12.16-17.20.32:864][  0]LogTemp: Display: |  meta_value    |
[2023.12.16-17.20.32:864][  0]LogTemp: Display: |----------------|
[2023.12.16-17.20.32:864][  0]LogTemp: Display: |     2|3      |
[2023.12.16-17.20.32:864][  0]LogTemp: Display: |________________|
[2023.12.16-17.20.32:876][  0]LogTemp: Display: |------------------------|-----------------------|-----------------------|-----------------------|-----------------------|-----------------------|------------------------|
[2023.12.16-17.20.32:876][  0]LogTemp: Display: |          id           |     mmoarpg_name      |     mmoarpg_date      |     mmoarpg_slot      |       Leg_Size        |      Waist_Size       |       Arm_Size          |
[2023.12.16-17.20.32:876][  0]LogTemp: Display: |------------------------|-----------------------|-----------------------|-----------------------|-----------------------|-----------------------|------------------------|
[2023.12.16-17.20.32:876][  0]LogTemp: Display: |           2           |          123          |  2023.12.13-23.47.18  |           0           |        10.0000        |        10.0000        |        10.0000        |
[2023.12.16-17.20.32:876][  0]LogTemp: Display: |------------------------|-----------------------|-----------------------|-----------------------|-----------------------|-----------------------|------------------------|
[2023.12.16-17.20.32:876][  0]LogTemp: Display: |           3           |         1233          |  2023.12.13-23.47.22  |           1           |        0.0000         |        0.0000         |        0.0000         |
[2023.12.16-17.20.32:876][  0]LogTemp: Display: |________________________|_______________________|_______________________|_______________________|_______________________|_______________________|________________________|
[2023.12.16-17.20.32:876][  0]LogMMOARPGdbServer: Display: SP_CharacterAppearanceResponses
[2023.12.16-17.21.00:013][  0]LogTemp: Display: |---------------------------------------|---------------------------------------|
[2023.12.16-17.21.00:013][  0]LogTemp: Display: |                  ID                  |              user_pass                 |
[2023.12.16-17.21.00:013][  0]LogTemp: Display: |---------------------------------------|---------------------------------------|
[2023.12.16-17.21.00:013][  0]LogTemp: Display: |                  1                   |  $P$Bwd0fO816Tg9zkiUZPzN52qVoHTYF..  |
[2023.12.16-17.21.00:014][  0]LogTemp: Display: |_______________________________________|_______________________________________|
[2023.12.16-17.21.00:014][  0]LogSimpleHTTP: Start registering single C++ agent.
[2023.12.16-17.21.00:014][  0]LogSimpleHTTP: Action to create a single HTTP request
[2023.12.16-17.21.00:014][  0]LogSimpleHTTP: Http Find at 614127EE46B3C8EC17044BAE7DF581E4
[2023.12.16-17.21.00:014][  0]LogSimpleHTTP: POST Action.
[2023.12.16-17.21.00:014][  0]LogSimpleHTTP: Process Request.
[2023.12.16-17.21.00:014][  0]LogMMOARPGdbServer: Display: AccountString=lzq,PasswordString=1
[2023.12.16-17.21.00:075][  0]LogSimpleHTTP: Warning: HttpRequestComplete URL=http://192.168.3.6/wp/wp-content/plugins/SimplePasswordVerification/SimplePasswordVerification.php?EncryptedPassword=%24P%24Bwd0fO816Tg9zkiUZPzN52qVoHTYF..&Password=1&IP=2130706433&Port=49680&Channel=599045154E074E21E01343A0571796D3&UserID=1,Param=
[2023.12.16-17.21.00:079][  0]LogTemp: Display: |------------------------|-----------------------|-----------------------|------------------------|
[2023.12.16-17.21.00:079][  0]LogTemp: Display: |      user_login       |      user_email       |       user_url        |     display_name        |
[2023.12.16-17.21.00:079][  0]LogTemp: Display: |------------------------|-----------------------|-----------------------|------------------------|
[2023.12.16-17.21.00:079][  0]LogTemp: Display: |          lzq          |   1044153944@qq.com   |  http://127.0.0.1/wp  |          lzq          |
[2023.12.16-17.21.00:079][  0]LogTemp: Display: |________________________|_______________________|_______________________|________________________|
[2023.12.16-17.21.00:079][  0]LogSimpleHTTP: Request to complete execution of binding agent.
[2023.12.16-17.21.00:079][  0]LogSimpleHTTP: Remove request 614127EE46B3C8EC17044BAE7DF581E4 from tick
[2023.12.16-17.21.02:791][  0]LogTemp: Display: |----------------|
[2023.12.16-17.21.02:792][  0]LogTemp: Display: |  meta_value    |
[2023.12.16-17.21.02:794][  0]LogTemp: Display: |----------------|
[2023.12.16-17.21.02:794][  0]LogTemp: Display: |     2|3      |
[2023.12.16-17.21.02:794][  0]LogTemp: Display: |________________|
[2023.12.16-17.21.02:799][  0]LogTemp: Display: |------------------------|-----------------------|-----------------------|-----------------------|-----------------------|-----------------------|------------------------|
[2023.12.16-17.21.02:799][  0]LogTemp: Display: |          id           |     mmoarpg_name      |     mmoarpg_date      |     mmoarpg_slot      |       Leg_Size        |      Waist_Size       |       Arm_Size          |
[2023.12.16-17.21.02:800][  0]LogTemp: Display: |------------------------|-----------------------|-----------------------|-----------------------|-----------------------|-----------------------|------------------------|
[2023.12.16-17.21.02:800][  0]LogTemp: Display: |           2           |          123          |  2023.12.13-23.47.18  |           0           |        10.0000        |        10.0000        |        10.0000        |
[2023.12.16-17.21.02:800][  0]LogTemp: Display: |------------------------|-----------------------|-----------------------|-----------------------|-----------------------|-----------------------|------------------------|
[2023.12.16-17.21.02:800][  0]LogTemp: Display: |           3           |         1233          |  2023.12.13-23.47.22  |           1           |        0.0000         |        0.0000         |        0.0000         |
[2023.12.16-17.21.02:800][  0]LogTemp: Display: |________________________|_______________________|_______________________|_______________________|_______________________|_______________________|________________________|
[2023.12.16-17.21.02:800][  0]LogMMOARPGdbServer: Display: SP_CharacterAppearanceResponses
[2023.12.16-17.24.26:908][  0]LogTemp: Display: |---------------------------------------|---------------------------------------|
[2023.12.16-17.24.26:908][  0]LogTemp: Display: |                  ID                  |              user_pass                 |
[2023.12.16-17.24.26:908][  0]LogTemp: Display: |---------------------------------------|---------------------------------------|
[2023.12.16-17.24.26:908][  0]LogTemp: Display: |                  1                   |  $P$Bwd0fO816Tg9zkiUZPzN52qVoHTYF..  |
[2023.12.16-17.24.26:908][  0]LogTemp: Display: |_______________________________________|_______________________________________|
[2023.12.16-17.24.26:908][  0]LogSimpleHTTP: Start registering single C++ agent.
[2023.12.16-17.24.26:908][  0]LogSimpleHTTP: Action to create a single HTTP request
[2023.12.16-17.24.26:908][  0]LogSimpleHTTP: Http Find at EAE4D7814F32C142372F0FAD8B0EEAB6
[2023.12.16-17.24.26:908][  0]LogSimpleHTTP: POST Action.
[2023.12.16-17.24.26:908][  0]LogSimpleHTTP: Process Request.
[2023.12.16-17.24.26:908][  0]LogMMOARPGdbServer: Display: AccountString=lzq,PasswordString=1
[2023.12.16-17.24.26:939][  0]LogSimpleHTTP: Warning: HttpRequestComplete URL=http://192.168.3.6/wp/wp-content/plugins/SimplePasswordVerification/SimplePasswordVerification.php?EncryptedPassword=%24P%24Bwd0fO816Tg9zkiUZPzN52qVoHTYF..&Password=1&IP=2130706433&Port=52962&Channel=101BB69D484E2D84ABE79E87A958290D&UserID=1,Param=
[2023.12.16-17.24.26:943][  0]LogTemp: Display: |------------------------|-----------------------|-----------------------|------------------------|
[2023.12.16-17.24.26:943][  0]LogTemp: Display: |      user_login       |      user_email       |       user_url        |     display_name        |
[2023.12.16-17.24.26:943][  0]LogTemp: Display: |------------------------|-----------------------|-----------------------|------------------------|
[2023.12.16-17.24.26:943][  0]LogTemp: Display: |          lzq          |   1044153944@qq.com   |  http://127.0.0.1/wp  |          lzq          |
[2023.12.16-17.24.26:943][  0]LogTemp: Display: |________________________|_______________________|_______________________|________________________|
[2023.12.16-17.24.26:943][  0]LogSimpleHTTP: Request to complete execution of binding agent.
[2023.12.16-17.24.26:943][  0]LogSimpleHTTP: Remove request EAE4D7814F32C142372F0FAD8B0EEAB6 from tick
[2023.12.16-17.24.29:662][  0]LogTemp: Display: |----------------|
[2023.12.16-17.24.29:662][  0]LogTemp: Display: |  meta_value    |
[2023.12.16-17.24.29:662][  0]LogTemp: Display: |----------------|
[2023.12.16-17.24.29:663][  0]LogTemp: Display: |     2|3      |
[2023.12.16-17.24.29:663][  0]LogTemp: Display: |________________|
[2023.12.16-17.24.29:670][  0]LogTemp: Display: |------------------------|-----------------------|-----------------------|-----------------------|-----------------------|-----------------------|------------------------|
[2023.12.16-17.24.29:670][  0]LogTemp: Display: |          id           |     mmoarpg_name      |     mmoarpg_date      |     mmoarpg_slot      |       Leg_Size        |      Waist_Size       |       Arm_Size          |
[2023.12.16-17.24.29:670][  0]LogTemp: Display: |------------------------|-----------------------|-----------------------|-----------------------|-----------------------|-----------------------|------------------------|
[2023.12.16-17.24.29:670][  0]LogTemp: Display: |           2           |          123          |  2023.12.13-23.47.18  |           0           |        10.0000        |        10.0000        |        10.0000        |
[2023.12.16-17.24.29:670][  0]LogTemp: Display: |------------------------|-----------------------|-----------------------|-----------------------|-----------------------|-----------------------|------------------------|
[2023.12.16-17.24.29:670][  0]LogTemp: Display: |           3           |         1233          |  2023.12.13-23.47.22  |           1           |        0.0000         |        0.0000         |        0.0000         |
[2023.12.16-17.24.29:670][  0]LogTemp: Display: |________________________|_______________________|_______________________|_______________________|_______________________|_______________________|________________________|
[2023.12.16-17.24.29:670][  0]LogMMOARPGdbServer: Display: SP_CharacterAppearanceResponses
[2023.12.16-17.26.24:334][  0]LogTemp: Display: |---------------------------------------|---------------------------------------|
[2023.12.16-17.26.24:334][  0]LogTemp: Display: |                  ID                  |              user_pass                 |
[2023.12.16-17.26.24:334][  0]LogTemp: Display: |---------------------------------------|---------------------------------------|
[2023.12.16-17.26.24:334][  0]LogTemp: Display: |                  1                   |  $P$Bwd0fO816Tg9zkiUZPzN52qVoHTYF..  |
[2023.12.16-17.26.24:334][  0]LogTemp: Display: |_______________________________________|_______________________________________|
[2023.12.16-17.26.24:334][  0]LogSimpleHTTP: Start registering single C++ agent.
[2023.12.16-17.26.24:334][  0]LogSimpleHTTP: Action to create a single HTTP request
[2023.12.16-17.26.24:334][  0]LogSimpleHTTP: Http Find at 068AB9C440FF6B492F92799C18E65B56
[2023.12.16-17.26.24:334][  0]LogSimpleHTTP: POST Action.
[2023.12.16-17.26.24:334][  0]LogSimpleHTTP: Process Request.
[2023.12.16-17.26.24:334][  0]LogMMOARPGdbServer: Display: AccountString=lzq,PasswordString=1
[2023.12.16-17.26.24:396][  0]LogSimpleHTTP: Warning: HttpRequestComplete URL=http://192.168.3.6/wp/wp-content/plugins/SimplePasswordVerification/SimplePasswordVerification.php?EncryptedPassword=%24P%24Bwd0fO816Tg9zkiUZPzN52qVoHTYF..&Password=1&IP=2130706433&Port=51670&Channel=B2EF322D45BE26E288E1D7B3F432000C&UserID=1,Param=
[2023.12.16-17.26.24:401][  0]LogTemp: Display: |------------------------|-----------------------|-----------------------|------------------------|
[2023.12.16-17.26.24:401][  0]LogTemp: Display: |      user_login       |      user_email       |       user_url        |     display_name        |
[2023.12.16-17.26.24:401][  0]LogTemp: Display: |------------------------|-----------------------|-----------------------|------------------------|
[2023.12.16-17.26.24:401][  0]LogTemp: Display: |          lzq          |   1044153944@qq.com   |  http://127.0.0.1/wp  |          lzq          |
[2023.12.16-17.26.24:401][  0]LogTemp: Display: |________________________|_______________________|_______________________|________________________|
[2023.12.16-17.26.24:401][  0]LogSimpleHTTP: Request to complete execution of binding agent.
[2023.12.16-17.26.24:402][  0]LogSimpleHTTP: Remove request 068AB9C440FF6B492F92799C18E65B56 from tick
[2023.12.16-17.26.27:181][  0]LogTemp: Display: |----------------|
[2023.12.16-17.26.27:181][  0]LogTemp: Display: |  meta_value    |
[2023.12.16-17.26.27:181][  0]LogTemp: Display: |----------------|
[2023.12.16-17.26.27:181][  0]LogTemp: Display: |     2|3      |
[2023.12.16-17.26.27:181][  0]LogTemp: Display: |________________|
[2023.12.16-17.26.27:194][  0]LogTemp: Display: |------------------------|-----------------------|-----------------------|-----------------------|-----------------------|-----------------------|------------------------|
[2023.12.16-17.26.27:194][  0]LogTemp: Display: |          id           |     mmoarpg_name      |     mmoarpg_date      |     mmoarpg_slot      |       Leg_Size        |      Waist_Size       |       Arm_Size          |
[2023.12.16-17.26.27:194][  0]LogTemp: Display: |------------------------|-----------------------|-----------------------|-----------------------|-----------------------|-----------------------|------------------------|
[2023.12.16-17.26.27:194][  0]LogTemp: Display: |           2           |          123          |  2023.12.13-23.47.18  |           0           |        10.0000        |        10.0000        |        10.0000        |
[2023.12.16-17.26.27:194][  0]LogTemp: Display: |------------------------|-----------------------|-----------------------|-----------------------|-----------------------|-----------------------|------------------------|
[2023.12.16-17.26.27:194][  0]LogTemp: Display: |           3           |         1233          |  2023.12.13-23.47.22  |           1           |        0.0000         |        0.0000         |        0.0000         |
[2023.12.16-17.26.27:194][  0]LogTemp: Display: |________________________|_______________________|_______________________|_______________________|_______________________|_______________________|________________________|
[2023.12.16-17.26.27:194][  0]LogMMOARPGdbServer: Display: SP_CharacterAppearanceResponses
[2023.12.16-17.26.58:781][  0]LogTemp: Display: |---------------------------------------|---------------------------------------|
[2023.12.16-17.26.58:781][  0]LogTemp: Display: |                  ID                  |              user_pass                 |
[2023.12.16-17.26.58:781][  0]LogTemp: Display: |---------------------------------------|---------------------------------------|
[2023.12.16-17.26.58:781][  0]LogTemp: Display: |                  1                   |  $P$Bwd0fO816Tg9zkiUZPzN52qVoHTYF..  |
[2023.12.16-17.26.58:781][  0]LogTemp: Display: |_______________________________________|_______________________________________|
[2023.12.16-17.26.58:781][  0]LogSimpleHTTP: Start registering single C++ agent.
[2023.12.16-17.26.58:781][  0]LogSimpleHTTP: Action to create a single HTTP request
[2023.12.16-17.26.58:781][  0]LogSimpleHTTP: Http Find at 2E00E8B24E4B4D157D7DC6B9D638A178
[2023.12.16-17.26.58:781][  0]LogSimpleHTTP: POST Action.
[2023.12.16-17.26.58:781][  0]LogSimpleHTTP: Process Request.
[2023.12.16-17.26.58:781][  0]LogMMOARPGdbServer: Display: AccountString=lzq,PasswordString=1
[2023.12.16-17.26.58:844][  0]LogSimpleHTTP: Warning: HttpRequestComplete URL=http://192.168.3.6/wp/wp-content/plugins/SimplePasswordVerification/SimplePasswordVerification.php?EncryptedPassword=%24P%24Bwd0fO816Tg9zkiUZPzN52qVoHTYF..&Password=1&IP=2130706433&Port=62787&Channel=23E9997C43607A34446739BBD63ED951&UserID=1,Param=
[2023.12.16-17.26.58:852][  0]LogTemp: Display: |------------------------|-----------------------|-----------------------|------------------------|
[2023.12.16-17.26.58:852][  0]LogTemp: Display: |      user_login       |      user_email       |       user_url        |     display_name        |
[2023.12.16-17.26.58:852][  0]LogTemp: Display: |------------------------|-----------------------|-----------------------|------------------------|
[2023.12.16-17.26.58:852][  0]LogTemp: Display: |          lzq          |   1044153944@qq.com   |  http://127.0.0.1/wp  |          lzq          |
[2023.12.16-17.26.58:852][  0]LogTemp: Display: |________________________|_______________________|_______________________|________________________|
[2023.12.16-17.26.58:852][  0]LogSimpleHTTP: Request to complete execution of binding agent.
[2023.12.16-17.26.58:852][  0]LogSimpleHTTP: Remove request 2E00E8B24E4B4D157D7DC6B9D638A178 from tick
[2023.12.16-17.27.01:501][  0]LogTemp: Display: |----------------|
[2023.12.16-17.27.01:502][  0]LogTemp: Display: |  meta_value    |
[2023.12.16-17.27.01:502][  0]LogTemp: Display: |----------------|
[2023.12.16-17.27.01:502][  0]LogTemp: Display: |     2|3      |
[2023.12.16-17.27.01:502][  0]LogTemp: Display: |________________|
[2023.12.16-17.27.01:509][  0]LogTemp: Display: |------------------------|-----------------------|-----------------------|-----------------------|-----------------------|-----------------------|------------------------|
[2023.12.16-17.27.01:509][  0]LogTemp: Display: |          id           |     mmoarpg_name      |     mmoarpg_date      |     mmoarpg_slot      |       Leg_Size        |      Waist_Size       |       Arm_Size          |
[2023.12.16-17.27.01:509][  0]LogTemp: Display: |------------------------|-----------------------|-----------------------|-----------------------|-----------------------|-----------------------|------------------------|
[2023.12.16-17.27.01:509][  0]LogTemp: Display: |           2           |          123          |  2023.12.13-23.47.18  |           0           |        10.0000        |        10.0000        |        10.0000        |
[2023.12.16-17.27.01:509][  0]LogTemp: Display: |------------------------|-----------------------|-----------------------|-----------------------|-----------------------|-----------------------|------------------------|
[2023.12.16-17.27.01:509][  0]LogTemp: Display: |           3           |         1233          |  2023.12.13-23.47.22  |           1           |        0.0000         |        0.0000         |        0.0000         |
[2023.12.16-17.27.01:509][  0]LogTemp: Display: |________________________|_______________________|_______________________|_______________________|_______________________|_______________________|________________________|
[2023.12.16-17.27.01:509][  0]LogMMOARPGdbServer: Display: SP_CharacterAppearanceResponses
[2023.12.16-17.27.04:816][  0]LogTemp: Display: |------------------------|-----------------------|-----------------------|------------------------|
[2023.12.16-17.27.04:816][  0]LogTemp: Display: |      user_login       |      user_email       |       user_url        |     display_name        |
[2023.12.16-17.27.04:816][  0]LogTemp: Display: |------------------------|-----------------------|-----------------------|------------------------|
[2023.12.16-17.27.04:816][  0]LogTemp: Display: |          lzq          |   1044153944@qq.com   |  http://127.0.0.1/wp  |          lzq          |
[2023.12.16-17.27.04:816][  0]LogTemp: Display: |________________________|_______________________|_______________________|________________________|
[2023.12.16-17.27.04:820][  0]LogTemp: Display: |----------------|
[2023.12.16-17.27.04:820][  0]LogTemp: Display: |  meta_value    |
[2023.12.16-17.27.04:820][  0]LogTemp: Display: |----------------|
[2023.12.16-17.27.04:820][  0]LogTemp: Display: |     2|3      |
[2023.12.16-17.27.04:820][  0]LogTemp: Display: |________________|
[2023.12.16-17.27.04:825][  0]LogTemp: Display: |------------------------|-----------------------|-----------------------|-----------------------|-----------------------|-----------------------|------------------------|
[2023.12.16-17.27.04:826][  0]LogTemp: Display: |          id           |     mmoarpg_name      |     mmoarpg_date      |     mmoarpg_slot      |       Leg_Size        |      Waist_Size       |       Arm_Size          |
[2023.12.16-17.27.04:826][  0]LogTemp: Display: |------------------------|-----------------------|-----------------------|-----------------------|-----------------------|-----------------------|------------------------|
[2023.12.16-17.27.04:826][  0]LogTemp: Display: |           2           |          123          |  2023.12.13-23.47.18  |           0           |        10.0000        |        10.0000        |        10.0000        |
[2023.12.16-17.27.04:826][  0]LogTemp: Display: |________________________|_______________________|_______________________|_______________________|_______________________|_______________________|________________________|
[2023.12.16-18.10.06:987][  0]LogCore: Engine exit requested (reason: ConsoleCtrl RequestExit)
